<?xml version="1.0" encoding="UTF-8"?>
<!-- Generated by org.testng.reporters.JUnitXMLReporter -->
<testsuite hostname="INsaikrisv.local" name="Command line test" tests="4" failures="0" timestamp="4 Feb 2016 13:03:08 GMT" time="16.133" errors="0">
  <testcase name="testApp on [SampleTest passed=0 failed=0 skipped=0]" time="0.0" classname="com.test.sample.SampleTest"/>
  <testcase name="testApp1 on [SampleTest passed=0 failed=0 skipped=0]" time="0.0" classname="com.test.sample.SampleTest"/>
  <testcase name="testApp2 on [SampleTest passed=0 failed=0 skipped=0]" time="0.0" classname="com.test.sample.SampleTest"/>
  <testcase name="testApp3 on [SampleTest passed=0 failed=0 skipped=0]" time="0.0" classname="com.test.sample.SampleTest"/>
</testsuite> <!-- Command line test -->
