<?xml version="1.0" encoding="UTF-8"?>
<testng-results skipped="0" failed="0" total="4" passed="4">
  <reporter-output>
    <line>
      <![CDATA[Test Logger Same Under the test]]>
    </line>
  </reporter-output>
  <suite name="Command line suite" duration-ms="16133" started-at="2016-02-04T13:02:52Z" finished-at="2016-02-04T13:03:08Z">
    <groups>
    </groups>
    <test name="Command line test" duration-ms="16133" started-at="2016-02-04T13:02:52Z" finished-at="2016-02-04T13:03:08Z">
      <class name="com.test.sample.SampleTest">
        <test-method status="PASS" signature="setUp()[pri:0, instance:[SampleTest passed=0 failed=0 skipped=0]]" name="setUp" is-config="true" duration-ms="5012" started-at="2016-02-04T18:32:52Z" finished-at="2016-02-04T18:32:57Z">
          <reporter-output>
          </reporter-output>
        </test-method> <!-- setUp -->
        <test-method status="PASS" signature="beforeMethod()[pri:0, instance:[SampleTest passed=0 failed=0 skipped=0]]" name="beforeMethod" is-config="true" duration-ms="9813" started-at="2016-02-04T18:32:57Z" finished-at="2016-02-04T18:33:06Z">
          <reporter-output>
          </reporter-output>
        </test-method> <!-- beforeMethod -->
        <test-method status="PASS" signature="afterMethod(org.testng.ITestResult)[pri:0, instance:[SampleTest passed=0 failed=0 skipped=0]]" name="afterMethod" is-config="true" duration-ms="1179" started-at="2016-02-04T18:33:06Z" finished-at="2016-02-04T18:33:08Z">
          <params>
            <param index="0">
              <value>
                <![CDATA[[TestResult name=testApp on [SampleTest passed=0 failed=0 skipped=0] status=SUCCESS method=SampleTest.testApp()[pri:0, instance:[SampleTest passed=0 failed=0 skipped=0]] output={null}]]]>
              </value>
            </param>
          </params>
          <reporter-output>
          </reporter-output>
        </test-method> <!-- afterMethod -->
        <test-method status="PASS" signature="testApp()[pri:0, instance:[SampleTest passed=0 failed=0 skipped=0]]" name="testApp" duration-ms="0" started-at="2016-02-04T18:33:06Z" finished-at="2016-02-04T18:33:06Z">
          <reporter-output>
          </reporter-output>
        </test-method> <!-- testApp -->
        <test-method status="PASS" signature="beforeMethod()[pri:0, instance:[SampleTest passed=0 failed=0 skipped=0]]" name="beforeMethod" is-config="true" duration-ms="0" started-at="2016-02-04T18:33:08Z" finished-at="2016-02-04T18:33:08Z">
          <reporter-output>
          </reporter-output>
        </test-method> <!-- beforeMethod -->
        <test-method status="PASS" signature="afterMethod(org.testng.ITestResult)[pri:0, instance:[SampleTest passed=0 failed=0 skipped=0]]" name="afterMethod" is-config="true" duration-ms="39" started-at="2016-02-04T18:33:08Z" finished-at="2016-02-04T18:33:08Z">
          <params>
            <param index="0">
              <value>
                <![CDATA[[TestResult name=testApp1 on [SampleTest passed=0 failed=0 skipped=0] status=SUCCESS method=SampleTest.testApp1()[pri:0, instance:[SampleTest passed=0 failed=0 skipped=0]] output={null}]]]>
              </value>
            </param>
          </params>
          <reporter-output>
          </reporter-output>
        </test-method> <!-- afterMethod -->
        <test-method status="PASS" signature="testApp1()[pri:0, instance:[SampleTest passed=0 failed=0 skipped=0]]" name="testApp1" duration-ms="0" started-at="2016-02-04T18:33:08Z" finished-at="2016-02-04T18:33:08Z">
          <reporter-output>
          </reporter-output>
        </test-method> <!-- testApp1 -->
        <test-method status="PASS" signature="beforeMethod()[pri:0, instance:[SampleTest passed=0 failed=0 skipped=0]]" name="beforeMethod" is-config="true" duration-ms="1" started-at="2016-02-04T18:33:08Z" finished-at="2016-02-04T18:33:08Z">
          <reporter-output>
          </reporter-output>
        </test-method> <!-- beforeMethod -->
        <test-method status="PASS" signature="afterMethod(org.testng.ITestResult)[pri:0, instance:[SampleTest passed=0 failed=0 skipped=0]]" name="afterMethod" is-config="true" duration-ms="49" started-at="2016-02-04T18:33:08Z" finished-at="2016-02-04T18:33:08Z">
          <params>
            <param index="0">
              <value>
                <![CDATA[[TestResult name=testApp2 on [SampleTest passed=0 failed=0 skipped=0] status=SUCCESS method=SampleTest.testApp2()[pri:0, instance:[SampleTest passed=0 failed=0 skipped=0]] output={null}]]]>
              </value>
            </param>
          </params>
          <reporter-output>
          </reporter-output>
        </test-method> <!-- afterMethod -->
        <test-method status="PASS" signature="testApp2()[pri:0, instance:[SampleTest passed=0 failed=0 skipped=0]]" name="testApp2" duration-ms="0" started-at="2016-02-04T18:33:08Z" finished-at="2016-02-04T18:33:08Z">
          <reporter-output>
          </reporter-output>
        </test-method> <!-- testApp2 -->
        <test-method status="PASS" signature="beforeMethod()[pri:0, instance:[SampleTest passed=0 failed=0 skipped=0]]" name="beforeMethod" is-config="true" duration-ms="0" started-at="2016-02-04T18:33:08Z" finished-at="2016-02-04T18:33:08Z">
          <reporter-output>
          </reporter-output>
        </test-method> <!-- beforeMethod -->
        <test-method status="PASS" signature="testApp3()[pri:0, instance:[SampleTest passed=0 failed=0 skipped=0]]" name="testApp3" duration-ms="0" started-at="2016-02-04T18:33:08Z" finished-at="2016-02-04T18:33:08Z">
          <reporter-output>
          </reporter-output>
        </test-method> <!-- testApp3 -->
        <test-method status="PASS" signature="afterMethod(org.testng.ITestResult)[pri:0, instance:[SampleTest passed=0 failed=0 skipped=0]]" name="afterMethod" is-config="true" duration-ms="37" started-at="2016-02-04T18:33:08Z" finished-at="2016-02-04T18:33:08Z">
          <params>
            <param index="0">
              <value>
                <![CDATA[[TestResult name=testApp3 on [SampleTest passed=0 failed=0 skipped=0] status=SUCCESS method=SampleTest.testApp3()[pri:0, instance:[SampleTest passed=0 failed=0 skipped=0]] output={null}]]]>
              </value>
            </param>
          </params>
          <reporter-output>
          </reporter-output>
        </test-method> <!-- afterMethod -->
        <test-method status="PASS" signature="closeReport()[pri:0, instance:[SampleTest passed=0 failed=0 skipped=0]]" name="closeReport" is-config="true" duration-ms="2" started-at="2016-02-04T18:33:08Z" finished-at="2016-02-04T18:33:08Z">
          <reporter-output>
          </reporter-output>
        </test-method> <!-- closeReport -->
      </class> <!-- com.test.sample.SampleTest -->
    </test> <!-- Command line test -->
  </suite> <!-- Command line suite -->
</testng-results>
